<?xml version="1.0" encoding="UTF-8"?>
<!-- Generated by org.testng.reporters.JUnitXMLReporter -->
<testsuite ignored="0" hostname="DESKTOP-LMKUKFJ" failures="10" tests="28" name="Default test" time="453.631" errors="0" timestamp="2024-11-13T11:46:26 IST">
  <testcase classname="io.cucumber.testng.AbstractTestNGCucumberTests" name="runScenario" time="8.409"/>
  <testcase classname="io.cucumber.testng.AbstractTestNGCucumberTests" name="runScenario" time="4.106"/>
  <testcase classname="io.cucumber.testng.AbstractTestNGCucumberTests" name="runScenario" time="1.448"/>
  <testcase classname="io.cucumber.testng.AbstractTestNGCucumberTests" name="runScenario" time="10.751"/>
  <testcase classname="io.cucumber.testng.AbstractTestNGCucumberTests" name="runScenario" time="2.689"/>
  <testcase classname="io.cucumber.testng.AbstractTestNGCucumberTests" name="runScenario" time="2.118">
    <failure type="java.lang.AssertionError" message="Unable to click element : Product icon  --  [[ChromeDriver: chrome on windows (b507ee119f5321c0d93021ee6d6d8773)] -&amp;gt; xpath: //a[normalize-space()=&amp;apos;PRODUCTS&amp;apos;]]  --  org.openqa.selenium.ElementClickInterceptedException: element click intercepted: Element &amp;lt;a class=&amp;quot;nav-link showMegaMenuContainer ps-lg-0 active&amp;quot; href=&amp;quot;javascript:void(0)&amp;quot; aa-data-attr=&amp;quot;track_cta&amp;quot; aria-haspopup=&amp;quot;true&amp;quot; aria-expanded=&amp;quot;false&amp;quot; value=&amp;quot;productsMegaMenu&amp;quot;&amp;gt;...&amp;lt;/a&amp;gt; is not clickable at point (555, 30). Other element would receive the click: &amp;lt;div class=&amp;quot;modal-popup modal-large book-bike-ride request-callback&amp;quot; id=&amp;quot;requestCallBackModel&amp;quot;&amp;gt;...&amp;lt;/div&amp;gt;
  (Session info: chrome=130.0.6723.117)
Build info: version: &amp;apos;4.13.0&amp;apos;, revision: &amp;apos;ba948ece5b*&amp;apos;
System info: os.name: &amp;apos;Windows 10&amp;apos;, os.arch: &amp;apos;amd64&amp;apos;, os.version: &amp;apos;10.0&amp;apos;, java.version: &amp;apos;22.0.1&amp;apos;
Driver info: org.openqa.selenium.chrome.ChromeDriver
Command: [b507ee119f5321c0d93021ee6d6d8773, clickElement {id=f.EB58FCBDBC53332CE7E8B5F43AF412BD.d.B07FA1BFA48684629982BF88C5CE14B3.e.430}]
Capabilities {acceptInsecureCerts: false, browserName: chrome, browserVersion: 130.0.6723.117, chrome: {chromedriverVersion: 130.0.6723.116 (6ac35f94ae3..., userDataDir: C:\Users\QA\AppData\Local\T...}, fedcm:accounts: true, goog:chromeOptions: {debuggerAddress: localhost:58467}, networkConnectionEnabled: false, pageLoadStrategy: normal, platformName: windows, proxy: Proxy(), se:cdp: ws://localhost:58467/devtoo..., se:cdpVersion: 130.0.6723.117, setWindowRect: true, strictFileInteractability: false, timeouts: {implicit: 0, pageLoad: 300000, script: 30000}, unhandledPromptBehavior: dismiss and notify, webauthn:extension:credBlob: true, webauthn:extension:largeBlob: true, webauthn:extension:minPinLength: true, webauthn:extension:prf: true, webauthn:virtualAuthenticators: true}
Element: [[ChromeDriver: chrome on windows (b507ee119f5321c0d93021ee6d6d8773)] -&amp;gt; xpath: //a[normalize-space()=&amp;apos;PRODUCTS&amp;apos;]]
Session ID: b507ee119f5321c0d93021ee6d6d8773 expected [true] but found [false]">
      <![CDATA[java.lang.AssertionError: Unable to click element : Product icon  --  [[ChromeDriver: chrome on windows (b507ee119f5321c0d93021ee6d6d8773)] -> xpath: //a[normalize-space()='PRODUCTS']]  --  org.openqa.selenium.ElementClickInterceptedException: element click intercepted: Element <a class="nav-link showMegaMenuContainer ps-lg-0 active" href="javascript:void(0)" aa-data-attr="track_cta" aria-haspopup="true" aria-expanded="false" value="productsMegaMenu">...</a> is not clickable at point (555, 30). Other element would receive the click: <div class="modal-popup modal-large book-bike-ride request-callback" id="requestCallBackModel">...</div>
  (Session info: chrome=130.0.6723.117)
Build info: version: '4.13.0', revision: 'ba948ece5b*'
System info: os.name: 'Windows 10', os.arch: 'amd64', os.version: '10.0', java.version: '22.0.1'
Driver info: org.openqa.selenium.chrome.ChromeDriver
Command: [b507ee119f5321c0d93021ee6d6d8773, clickElement {id=f.EB58FCBDBC53332CE7E8B5F43AF412BD.d.B07FA1BFA48684629982BF88C5CE14B3.e.430}]
Capabilities {acceptInsecureCerts: false, browserName: chrome, browserVersion: 130.0.6723.117, chrome: {chromedriverVersion: 130.0.6723.116 (6ac35f94ae3..., userDataDir: C:\Users\QA\AppData\Local\T...}, fedcm:accounts: true, goog:chromeOptions: {debuggerAddress: localhost:58467}, networkConnectionEnabled: false, pageLoadStrategy: normal, platformName: windows, proxy: Proxy(), se:cdp: ws://localhost:58467/devtoo..., se:cdpVersion: 130.0.6723.117, setWindowRect: true, strictFileInteractability: false, timeouts: {implicit: 0, pageLoad: 300000, script: 30000}, unhandledPromptBehavior: dismiss and notify, webauthn:extension:credBlob: true, webauthn:extension:largeBlob: true, webauthn:extension:minPinLength: true, webauthn:extension:prf: true, webauthn:virtualAuthenticators: true}
Element: [[ChromeDriver: chrome on windows (b507ee119f5321c0d93021ee6d6d8773)] -> xpath: //a[normalize-space()='PRODUCTS']]
Session ID: b507ee119f5321c0d93021ee6d6d8773 expected [true] but found [false]
at org.testng.Assert.fail(Assert.java:110)
at org.testng.Assert.failNotEquals(Assert.java:1577)
at org.testng.Assert.assertTrue(Assert.java:56)
at GB_Webapp.Utility.Library.click(Library.java:37)
at GB_Webapp.StepDefinition.LoginPageTest.click_on(LoginPageTest.java:117)
at ✽.Click on "Product"(file:///C:/Users/QA/OneDrive/Documents/Zoom/Intellij_trial/Hero_GB_WebApp_UI_Testing_BDD/./FeatureFilesBangladesh/01_LoginFeature.feature:48)
]]>
    </failure>
  </testcase> <!-- runScenario -->
  <testcase classname="io.cucumber.testng.AbstractTestNGCucumberTests" name="runScenario" time="2.144">
    <failure type="java.lang.AssertionError" message="Unable to click element : Product icon  --  [[ChromeDriver: chrome on windows (b507ee119f5321c0d93021ee6d6d8773)] -&amp;gt; xpath: //a[normalize-space()=&amp;apos;PRODUCTS&amp;apos;]]  --  org.openqa.selenium.ElementClickInterceptedException: element click intercepted: Element &amp;lt;a class=&amp;quot;nav-link showMegaMenuContainer ps-lg-0 active&amp;quot; href=&amp;quot;javascript:void(0)&amp;quot; aa-data-attr=&amp;quot;track_cta&amp;quot; aria-haspopup=&amp;quot;true&amp;quot; aria-expanded=&amp;quot;false&amp;quot; value=&amp;quot;productsMegaMenu&amp;quot;&amp;gt;...&amp;lt;/a&amp;gt; is not clickable at point (555, 30). Other element would receive the click: &amp;lt;div class=&amp;quot;modal-popup modal-large book-bike-ride request-callback&amp;quot; id=&amp;quot;requestCallBackModel&amp;quot;&amp;gt;...&amp;lt;/div&amp;gt;
  (Session info: chrome=130.0.6723.117)
Build info: version: &amp;apos;4.13.0&amp;apos;, revision: &amp;apos;ba948ece5b*&amp;apos;
System info: os.name: &amp;apos;Windows 10&amp;apos;, os.arch: &amp;apos;amd64&amp;apos;, os.version: &amp;apos;10.0&amp;apos;, java.version: &amp;apos;22.0.1&amp;apos;
Driver info: org.openqa.selenium.chrome.ChromeDriver
Command: [b507ee119f5321c0d93021ee6d6d8773, clickElement {id=f.EB58FCBDBC53332CE7E8B5F43AF412BD.d.B07FA1BFA48684629982BF88C5CE14B3.e.430}]
Capabilities {acceptInsecureCerts: false, browserName: chrome, browserVersion: 130.0.6723.117, chrome: {chromedriverVersion: 130.0.6723.116 (6ac35f94ae3..., userDataDir: C:\Users\QA\AppData\Local\T...}, fedcm:accounts: true, goog:chromeOptions: {debuggerAddress: localhost:58467}, networkConnectionEnabled: false, pageLoadStrategy: normal, platformName: windows, proxy: Proxy(), se:cdp: ws://localhost:58467/devtoo..., se:cdpVersion: 130.0.6723.117, setWindowRect: true, strictFileInteractability: false, timeouts: {implicit: 0, pageLoad: 300000, script: 30000}, unhandledPromptBehavior: dismiss and notify, webauthn:extension:credBlob: true, webauthn:extension:largeBlob: true, webauthn:extension:minPinLength: true, webauthn:extension:prf: true, webauthn:virtualAuthenticators: true}
Element: [[ChromeDriver: chrome on windows (b507ee119f5321c0d93021ee6d6d8773)] -&amp;gt; xpath: //a[normalize-space()=&amp;apos;PRODUCTS&amp;apos;]]
Session ID: b507ee119f5321c0d93021ee6d6d8773 expected [true] but found [false]">
      <![CDATA[java.lang.AssertionError: Unable to click element : Product icon  --  [[ChromeDriver: chrome on windows (b507ee119f5321c0d93021ee6d6d8773)] -> xpath: //a[normalize-space()='PRODUCTS']]  --  org.openqa.selenium.ElementClickInterceptedException: element click intercepted: Element <a class="nav-link showMegaMenuContainer ps-lg-0 active" href="javascript:void(0)" aa-data-attr="track_cta" aria-haspopup="true" aria-expanded="false" value="productsMegaMenu">...</a> is not clickable at point (555, 30). Other element would receive the click: <div class="modal-popup modal-large book-bike-ride request-callback" id="requestCallBackModel">...</div>
  (Session info: chrome=130.0.6723.117)
Build info: version: '4.13.0', revision: 'ba948ece5b*'
System info: os.name: 'Windows 10', os.arch: 'amd64', os.version: '10.0', java.version: '22.0.1'
Driver info: org.openqa.selenium.chrome.ChromeDriver
Command: [b507ee119f5321c0d93021ee6d6d8773, clickElement {id=f.EB58FCBDBC53332CE7E8B5F43AF412BD.d.B07FA1BFA48684629982BF88C5CE14B3.e.430}]
Capabilities {acceptInsecureCerts: false, browserName: chrome, browserVersion: 130.0.6723.117, chrome: {chromedriverVersion: 130.0.6723.116 (6ac35f94ae3..., userDataDir: C:\Users\QA\AppData\Local\T...}, fedcm:accounts: true, goog:chromeOptions: {debuggerAddress: localhost:58467}, networkConnectionEnabled: false, pageLoadStrategy: normal, platformName: windows, proxy: Proxy(), se:cdp: ws://localhost:58467/devtoo..., se:cdpVersion: 130.0.6723.117, setWindowRect: true, strictFileInteractability: false, timeouts: {implicit: 0, pageLoad: 300000, script: 30000}, unhandledPromptBehavior: dismiss and notify, webauthn:extension:credBlob: true, webauthn:extension:largeBlob: true, webauthn:extension:minPinLength: true, webauthn:extension:prf: true, webauthn:virtualAuthenticators: true}
Element: [[ChromeDriver: chrome on windows (b507ee119f5321c0d93021ee6d6d8773)] -> xpath: //a[normalize-space()='PRODUCTS']]
Session ID: b507ee119f5321c0d93021ee6d6d8773 expected [true] but found [false]
at org.testng.Assert.fail(Assert.java:110)
at org.testng.Assert.failNotEquals(Assert.java:1577)
at org.testng.Assert.assertTrue(Assert.java:56)
at GB_Webapp.Utility.Library.click(Library.java:37)
at GB_Webapp.StepDefinition.LoginPageTest.click_on(LoginPageTest.java:117)
at ✽.Click on "Product"(file:///C:/Users/QA/OneDrive/Documents/Zoom/Intellij_trial/Hero_GB_WebApp_UI_Testing_BDD/./FeatureFilesBangladesh/01_LoginFeature.feature:56)
]]>
    </failure>
  </testcase> <!-- runScenario -->
  <testcase classname="io.cucumber.testng.AbstractTestNGCucumberTests" name="runScenario" time="1.975">
    <failure type="java.lang.AssertionError" message="Unable to click element : Product icon  --  [[ChromeDriver: chrome on windows (b507ee119f5321c0d93021ee6d6d8773)] -&amp;gt; xpath: //a[normalize-space()=&amp;apos;PRODUCTS&amp;apos;]]  --  org.openqa.selenium.ElementClickInterceptedException: element click intercepted: Element &amp;lt;a class=&amp;quot;nav-link showMegaMenuContainer ps-lg-0 active&amp;quot; href=&amp;quot;javascript:void(0)&amp;quot; aa-data-attr=&amp;quot;track_cta&amp;quot; aria-haspopup=&amp;quot;true&amp;quot; aria-expanded=&amp;quot;false&amp;quot; value=&amp;quot;productsMegaMenu&amp;quot;&amp;gt;...&amp;lt;/a&amp;gt; is not clickable at point (555, 30). Other element would receive the click: &amp;lt;div class=&amp;quot;modal-popup modal-large book-bike-ride request-callback&amp;quot; id=&amp;quot;requestCallBackModel&amp;quot;&amp;gt;...&amp;lt;/div&amp;gt;
  (Session info: chrome=130.0.6723.117)
Build info: version: &amp;apos;4.13.0&amp;apos;, revision: &amp;apos;ba948ece5b*&amp;apos;
System info: os.name: &amp;apos;Windows 10&amp;apos;, os.arch: &amp;apos;amd64&amp;apos;, os.version: &amp;apos;10.0&amp;apos;, java.version: &amp;apos;22.0.1&amp;apos;
Driver info: org.openqa.selenium.chrome.ChromeDriver
Command: [b507ee119f5321c0d93021ee6d6d8773, clickElement {id=f.EB58FCBDBC53332CE7E8B5F43AF412BD.d.B07FA1BFA48684629982BF88C5CE14B3.e.430}]
Capabilities {acceptInsecureCerts: false, browserName: chrome, browserVersion: 130.0.6723.117, chrome: {chromedriverVersion: 130.0.6723.116 (6ac35f94ae3..., userDataDir: C:\Users\QA\AppData\Local\T...}, fedcm:accounts: true, goog:chromeOptions: {debuggerAddress: localhost:58467}, networkConnectionEnabled: false, pageLoadStrategy: normal, platformName: windows, proxy: Proxy(), se:cdp: ws://localhost:58467/devtoo..., se:cdpVersion: 130.0.6723.117, setWindowRect: true, strictFileInteractability: false, timeouts: {implicit: 0, pageLoad: 300000, script: 30000}, unhandledPromptBehavior: dismiss and notify, webauthn:extension:credBlob: true, webauthn:extension:largeBlob: true, webauthn:extension:minPinLength: true, webauthn:extension:prf: true, webauthn:virtualAuthenticators: true}
Element: [[ChromeDriver: chrome on windows (b507ee119f5321c0d93021ee6d6d8773)] -&amp;gt; xpath: //a[normalize-space()=&amp;apos;PRODUCTS&amp;apos;]]
Session ID: b507ee119f5321c0d93021ee6d6d8773 expected [true] but found [false]">
      <![CDATA[java.lang.AssertionError: Unable to click element : Product icon  --  [[ChromeDriver: chrome on windows (b507ee119f5321c0d93021ee6d6d8773)] -> xpath: //a[normalize-space()='PRODUCTS']]  --  org.openqa.selenium.ElementClickInterceptedException: element click intercepted: Element <a class="nav-link showMegaMenuContainer ps-lg-0 active" href="javascript:void(0)" aa-data-attr="track_cta" aria-haspopup="true" aria-expanded="false" value="productsMegaMenu">...</a> is not clickable at point (555, 30). Other element would receive the click: <div class="modal-popup modal-large book-bike-ride request-callback" id="requestCallBackModel">...</div>
  (Session info: chrome=130.0.6723.117)
Build info: version: '4.13.0', revision: 'ba948ece5b*'
System info: os.name: 'Windows 10', os.arch: 'amd64', os.version: '10.0', java.version: '22.0.1'
Driver info: org.openqa.selenium.chrome.ChromeDriver
Command: [b507ee119f5321c0d93021ee6d6d8773, clickElement {id=f.EB58FCBDBC53332CE7E8B5F43AF412BD.d.B07FA1BFA48684629982BF88C5CE14B3.e.430}]
Capabilities {acceptInsecureCerts: false, browserName: chrome, browserVersion: 130.0.6723.117, chrome: {chromedriverVersion: 130.0.6723.116 (6ac35f94ae3..., userDataDir: C:\Users\QA\AppData\Local\T...}, fedcm:accounts: true, goog:chromeOptions: {debuggerAddress: localhost:58467}, networkConnectionEnabled: false, pageLoadStrategy: normal, platformName: windows, proxy: Proxy(), se:cdp: ws://localhost:58467/devtoo..., se:cdpVersion: 130.0.6723.117, setWindowRect: true, strictFileInteractability: false, timeouts: {implicit: 0, pageLoad: 300000, script: 30000}, unhandledPromptBehavior: dismiss and notify, webauthn:extension:credBlob: true, webauthn:extension:largeBlob: true, webauthn:extension:minPinLength: true, webauthn:extension:prf: true, webauthn:virtualAuthenticators: true}
Element: [[ChromeDriver: chrome on windows (b507ee119f5321c0d93021ee6d6d8773)] -> xpath: //a[normalize-space()='PRODUCTS']]
Session ID: b507ee119f5321c0d93021ee6d6d8773 expected [true] but found [false]
at org.testng.Assert.fail(Assert.java:110)
at org.testng.Assert.failNotEquals(Assert.java:1577)
at org.testng.Assert.assertTrue(Assert.java:56)
at GB_Webapp.Utility.Library.click(Library.java:37)
at GB_Webapp.StepDefinition.LoginPageTest.click_on(LoginPageTest.java:117)
at ✽.Click on "Product"(file:///C:/Users/QA/OneDrive/Documents/Zoom/Intellij_trial/Hero_GB_WebApp_UI_Testing_BDD/./FeatureFilesBangladesh/01_LoginFeature.feature:72)
]]>
    </failure>
  </testcase> <!-- runScenario -->
  <testcase classname="io.cucumber.testng.AbstractTestNGCucumberTests" name="runScenario" time="2.11">
    <failure type="java.lang.AssertionError" message="Unable to click element : Product icon  --  [[ChromeDriver: chrome on windows (b507ee119f5321c0d93021ee6d6d8773)] -&amp;gt; xpath: //a[normalize-space()=&amp;apos;PRODUCTS&amp;apos;]]  --  org.openqa.selenium.ElementClickInterceptedException: element click intercepted: Element &amp;lt;a class=&amp;quot;nav-link showMegaMenuContainer ps-lg-0 active&amp;quot; href=&amp;quot;javascript:void(0)&amp;quot; aa-data-attr=&amp;quot;track_cta&amp;quot; aria-haspopup=&amp;quot;true&amp;quot; aria-expanded=&amp;quot;false&amp;quot; value=&amp;quot;productsMegaMenu&amp;quot;&amp;gt;...&amp;lt;/a&amp;gt; is not clickable at point (555, 30). Other element would receive the click: &amp;lt;div class=&amp;quot;modal-popup modal-large book-bike-ride request-callback&amp;quot; id=&amp;quot;requestCallBackModel&amp;quot;&amp;gt;...&amp;lt;/div&amp;gt;
  (Session info: chrome=130.0.6723.117)
Build info: version: &amp;apos;4.13.0&amp;apos;, revision: &amp;apos;ba948ece5b*&amp;apos;
System info: os.name: &amp;apos;Windows 10&amp;apos;, os.arch: &amp;apos;amd64&amp;apos;, os.version: &amp;apos;10.0&amp;apos;, java.version: &amp;apos;22.0.1&amp;apos;
Driver info: org.openqa.selenium.chrome.ChromeDriver
Command: [b507ee119f5321c0d93021ee6d6d8773, clickElement {id=f.EB58FCBDBC53332CE7E8B5F43AF412BD.d.B07FA1BFA48684629982BF88C5CE14B3.e.430}]
Capabilities {acceptInsecureCerts: false, browserName: chrome, browserVersion: 130.0.6723.117, chrome: {chromedriverVersion: 130.0.6723.116 (6ac35f94ae3..., userDataDir: C:\Users\QA\AppData\Local\T...}, fedcm:accounts: true, goog:chromeOptions: {debuggerAddress: localhost:58467}, networkConnectionEnabled: false, pageLoadStrategy: normal, platformName: windows, proxy: Proxy(), se:cdp: ws://localhost:58467/devtoo..., se:cdpVersion: 130.0.6723.117, setWindowRect: true, strictFileInteractability: false, timeouts: {implicit: 0, pageLoad: 300000, script: 30000}, unhandledPromptBehavior: dismiss and notify, webauthn:extension:credBlob: true, webauthn:extension:largeBlob: true, webauthn:extension:minPinLength: true, webauthn:extension:prf: true, webauthn:virtualAuthenticators: true}
Element: [[ChromeDriver: chrome on windows (b507ee119f5321c0d93021ee6d6d8773)] -&amp;gt; xpath: //a[normalize-space()=&amp;apos;PRODUCTS&amp;apos;]]
Session ID: b507ee119f5321c0d93021ee6d6d8773 expected [true] but found [false]">
      <![CDATA[java.lang.AssertionError: Unable to click element : Product icon  --  [[ChromeDriver: chrome on windows (b507ee119f5321c0d93021ee6d6d8773)] -> xpath: //a[normalize-space()='PRODUCTS']]  --  org.openqa.selenium.ElementClickInterceptedException: element click intercepted: Element <a class="nav-link showMegaMenuContainer ps-lg-0 active" href="javascript:void(0)" aa-data-attr="track_cta" aria-haspopup="true" aria-expanded="false" value="productsMegaMenu">...</a> is not clickable at point (555, 30). Other element would receive the click: <div class="modal-popup modal-large book-bike-ride request-callback" id="requestCallBackModel">...</div>
  (Session info: chrome=130.0.6723.117)
Build info: version: '4.13.0', revision: 'ba948ece5b*'
System info: os.name: 'Windows 10', os.arch: 'amd64', os.version: '10.0', java.version: '22.0.1'
Driver info: org.openqa.selenium.chrome.ChromeDriver
Command: [b507ee119f5321c0d93021ee6d6d8773, clickElement {id=f.EB58FCBDBC53332CE7E8B5F43AF412BD.d.B07FA1BFA48684629982BF88C5CE14B3.e.430}]
Capabilities {acceptInsecureCerts: false, browserName: chrome, browserVersion: 130.0.6723.117, chrome: {chromedriverVersion: 130.0.6723.116 (6ac35f94ae3..., userDataDir: C:\Users\QA\AppData\Local\T...}, fedcm:accounts: true, goog:chromeOptions: {debuggerAddress: localhost:58467}, networkConnectionEnabled: false, pageLoadStrategy: normal, platformName: windows, proxy: Proxy(), se:cdp: ws://localhost:58467/devtoo..., se:cdpVersion: 130.0.6723.117, setWindowRect: true, strictFileInteractability: false, timeouts: {implicit: 0, pageLoad: 300000, script: 30000}, unhandledPromptBehavior: dismiss and notify, webauthn:extension:credBlob: true, webauthn:extension:largeBlob: true, webauthn:extension:minPinLength: true, webauthn:extension:prf: true, webauthn:virtualAuthenticators: true}
Element: [[ChromeDriver: chrome on windows (b507ee119f5321c0d93021ee6d6d8773)] -> xpath: //a[normalize-space()='PRODUCTS']]
Session ID: b507ee119f5321c0d93021ee6d6d8773 expected [true] but found [false]
at org.testng.Assert.fail(Assert.java:110)
at org.testng.Assert.failNotEquals(Assert.java:1577)
at org.testng.Assert.assertTrue(Assert.java:56)
at GB_Webapp.Utility.Library.click(Library.java:37)
at GB_Webapp.StepDefinition.LoginPageTest.click_on(LoginPageTest.java:117)
at ✽.Click on "Product"(file:///C:/Users/QA/OneDrive/Documents/Zoom/Intellij_trial/Hero_GB_WebApp_UI_Testing_BDD/./FeatureFilesBangladesh/01_LoginFeature.feature:84)
]]>
    </failure>
  </testcase> <!-- runScenario -->
  <testcase classname="io.cucumber.testng.AbstractTestNGCucumberTests" name="runScenario" time="2.019">
    <failure type="java.lang.AssertionError" message="Unable to click element : Product icon  --  [[ChromeDriver: chrome on windows (b507ee119f5321c0d93021ee6d6d8773)] -&amp;gt; xpath: //a[normalize-space()=&amp;apos;PRODUCTS&amp;apos;]]  --  org.openqa.selenium.ElementClickInterceptedException: element click intercepted: Element &amp;lt;a class=&amp;quot;nav-link showMegaMenuContainer ps-lg-0 active&amp;quot; href=&amp;quot;javascript:void(0)&amp;quot; aa-data-attr=&amp;quot;track_cta&amp;quot; aria-haspopup=&amp;quot;true&amp;quot; aria-expanded=&amp;quot;false&amp;quot; value=&amp;quot;productsMegaMenu&amp;quot;&amp;gt;...&amp;lt;/a&amp;gt; is not clickable at point (555, 30). Other element would receive the click: &amp;lt;div class=&amp;quot;modal-popup modal-large book-bike-ride request-callback&amp;quot; id=&amp;quot;requestCallBackModel&amp;quot;&amp;gt;...&amp;lt;/div&amp;gt;
  (Session info: chrome=130.0.6723.117)
Build info: version: &amp;apos;4.13.0&amp;apos;, revision: &amp;apos;ba948ece5b*&amp;apos;
System info: os.name: &amp;apos;Windows 10&amp;apos;, os.arch: &amp;apos;amd64&amp;apos;, os.version: &amp;apos;10.0&amp;apos;, java.version: &amp;apos;22.0.1&amp;apos;
Driver info: org.openqa.selenium.chrome.ChromeDriver
Command: [b507ee119f5321c0d93021ee6d6d8773, clickElement {id=f.EB58FCBDBC53332CE7E8B5F43AF412BD.d.B07FA1BFA48684629982BF88C5CE14B3.e.430}]
Capabilities {acceptInsecureCerts: false, browserName: chrome, browserVersion: 130.0.6723.117, chrome: {chromedriverVersion: 130.0.6723.116 (6ac35f94ae3..., userDataDir: C:\Users\QA\AppData\Local\T...}, fedcm:accounts: true, goog:chromeOptions: {debuggerAddress: localhost:58467}, networkConnectionEnabled: false, pageLoadStrategy: normal, platformName: windows, proxy: Proxy(), se:cdp: ws://localhost:58467/devtoo..., se:cdpVersion: 130.0.6723.117, setWindowRect: true, strictFileInteractability: false, timeouts: {implicit: 0, pageLoad: 300000, script: 30000}, unhandledPromptBehavior: dismiss and notify, webauthn:extension:credBlob: true, webauthn:extension:largeBlob: true, webauthn:extension:minPinLength: true, webauthn:extension:prf: true, webauthn:virtualAuthenticators: true}
Element: [[ChromeDriver: chrome on windows (b507ee119f5321c0d93021ee6d6d8773)] -&amp;gt; xpath: //a[normalize-space()=&amp;apos;PRODUCTS&amp;apos;]]
Session ID: b507ee119f5321c0d93021ee6d6d8773 expected [true] but found [false]">
      <![CDATA[java.lang.AssertionError: Unable to click element : Product icon  --  [[ChromeDriver: chrome on windows (b507ee119f5321c0d93021ee6d6d8773)] -> xpath: //a[normalize-space()='PRODUCTS']]  --  org.openqa.selenium.ElementClickInterceptedException: element click intercepted: Element <a class="nav-link showMegaMenuContainer ps-lg-0 active" href="javascript:void(0)" aa-data-attr="track_cta" aria-haspopup="true" aria-expanded="false" value="productsMegaMenu">...</a> is not clickable at point (555, 30). Other element would receive the click: <div class="modal-popup modal-large book-bike-ride request-callback" id="requestCallBackModel">...</div>
  (Session info: chrome=130.0.6723.117)
Build info: version: '4.13.0', revision: 'ba948ece5b*'
System info: os.name: 'Windows 10', os.arch: 'amd64', os.version: '10.0', java.version: '22.0.1'
Driver info: org.openqa.selenium.chrome.ChromeDriver
Command: [b507ee119f5321c0d93021ee6d6d8773, clickElement {id=f.EB58FCBDBC53332CE7E8B5F43AF412BD.d.B07FA1BFA48684629982BF88C5CE14B3.e.430}]
Capabilities {acceptInsecureCerts: false, browserName: chrome, browserVersion: 130.0.6723.117, chrome: {chromedriverVersion: 130.0.6723.116 (6ac35f94ae3..., userDataDir: C:\Users\QA\AppData\Local\T...}, fedcm:accounts: true, goog:chromeOptions: {debuggerAddress: localhost:58467}, networkConnectionEnabled: false, pageLoadStrategy: normal, platformName: windows, proxy: Proxy(), se:cdp: ws://localhost:58467/devtoo..., se:cdpVersion: 130.0.6723.117, setWindowRect: true, strictFileInteractability: false, timeouts: {implicit: 0, pageLoad: 300000, script: 30000}, unhandledPromptBehavior: dismiss and notify, webauthn:extension:credBlob: true, webauthn:extension:largeBlob: true, webauthn:extension:minPinLength: true, webauthn:extension:prf: true, webauthn:virtualAuthenticators: true}
Element: [[ChromeDriver: chrome on windows (b507ee119f5321c0d93021ee6d6d8773)] -> xpath: //a[normalize-space()='PRODUCTS']]
Session ID: b507ee119f5321c0d93021ee6d6d8773 expected [true] but found [false]
at org.testng.Assert.fail(Assert.java:110)
at org.testng.Assert.failNotEquals(Assert.java:1577)
at org.testng.Assert.assertTrue(Assert.java:56)
at GB_Webapp.Utility.Library.click(Library.java:37)
at GB_Webapp.StepDefinition.LoginPageTest.click_on(LoginPageTest.java:117)
at ✽.Click on "Product"(file:///C:/Users/QA/OneDrive/Documents/Zoom/Intellij_trial/Hero_GB_WebApp_UI_Testing_BDD/./FeatureFilesBangladesh/01_LoginFeature.feature:98)
]]>
    </failure>
  </testcase> <!-- runScenario -->
  <testcase classname="io.cucumber.testng.AbstractTestNGCucumberTests" name="runScenario" time="19.746"/>
  <testcase classname="io.cucumber.testng.AbstractTestNGCucumberTests" name="runScenario" time="17.101"/>
  <testcase classname="io.cucumber.testng.AbstractTestNGCucumberTests" name="runScenario" time="16.807"/>
  <testcase classname="io.cucumber.testng.AbstractTestNGCucumberTests" name="runScenario" time="15.954"/>
  <testcase classname="io.cucumber.testng.AbstractTestNGCucumberTests" name="runScenario" time="18.35"/>
  <testcase classname="io.cucumber.testng.AbstractTestNGCucumberTests" name="runScenario" time="17.234"/>
  <testcase classname="io.cucumber.testng.AbstractTestNGCucumberTests" name="runScenario" time="17.911"/>
  <testcase classname="io.cucumber.testng.AbstractTestNGCucumberTests" name="runScenario" time="15.601"/>
  <testcase classname="io.cucumber.testng.AbstractTestNGCucumberTests" name="runScenario" time="16.623"/>
  <testcase classname="io.cucumber.testng.AbstractTestNGCucumberTests" name="runScenario" time="16.068"/>
  <testcase classname="io.cucumber.testng.AbstractTestNGCucumberTests" name="runScenario" time="17.11"/>
  <testcase classname="io.cucumber.testng.AbstractTestNGCucumberTests" name="runScenario" time="18.938"/>
  <testcase classname="io.cucumber.testng.AbstractTestNGCucumberTests" name="runScenario" time="15.23"/>
  <testcase classname="io.cucumber.testng.AbstractTestNGCucumberTests" name="runScenario" time="50.508">
    <failure type="org.openqa.selenium.TimeoutException" message="timeout: Timed out receiving message from renderer: 15.000
  (Session info: chrome=130.0.6723.117)
Build info: version: &amp;apos;4.13.0&amp;apos;, revision: &amp;apos;ba948ece5b*&amp;apos;
System info: os.name: &amp;apos;Windows 10&amp;apos;, os.arch: &amp;apos;amd64&amp;apos;, os.version: &amp;apos;10.0&amp;apos;, java.version: &amp;apos;22.0.1&amp;apos;
Driver info: org.openqa.selenium.chrome.ChromeDriver
Command: [b507ee119f5321c0d93021ee6d6d8773, findElement {using=xpath, value=//div[normalize-space()=&amp;apos;MAESTRO EDGE XTEC&amp;apos;]}]
Capabilities {acceptInsecureCerts: false, browserName: chrome, browserVersion: 130.0.6723.117, chrome: {chromedriverVersion: 130.0.6723.116 (6ac35f94ae3..., userDataDir: C:\Users\QA\AppData\Local\T...}, fedcm:accounts: true, goog:chromeOptions: {debuggerAddress: localhost:58467}, networkConnectionEnabled: false, pageLoadStrategy: normal, platformName: windows, proxy: Proxy(), se:cdp: ws://localhost:58467/devtoo..., se:cdpVersion: 130.0.6723.117, setWindowRect: true, strictFileInteractability: false, timeouts: {implicit: 0, pageLoad: 300000, script: 30000}, unhandledPromptBehavior: dismiss and notify, webauthn:extension:credBlob: true, webauthn:extension:largeBlob: true, webauthn:extension:minPinLength: true, webauthn:extension:prf: true, webauthn:virtualAuthenticators: true}
Session ID: b507ee119f5321c0d93021ee6d6d8773">
      <![CDATA[org.openqa.selenium.TimeoutException: timeout: Timed out receiving message from renderer: 15.000
  (Session info: chrome=130.0.6723.117)
Build info: version: '4.13.0', revision: 'ba948ece5b*'
System info: os.name: 'Windows 10', os.arch: 'amd64', os.version: '10.0', java.version: '22.0.1'
Driver info: org.openqa.selenium.chrome.ChromeDriver
Command: [b507ee119f5321c0d93021ee6d6d8773, findElement {using=xpath, value=//div[normalize-space()='MAESTRO EDGE XTEC']}]
Capabilities {acceptInsecureCerts: false, browserName: chrome, browserVersion: 130.0.6723.117, chrome: {chromedriverVersion: 130.0.6723.116 (6ac35f94ae3..., userDataDir: C:\Users\QA\AppData\Local\T...}, fedcm:accounts: true, goog:chromeOptions: {debuggerAddress: localhost:58467}, networkConnectionEnabled: false, pageLoadStrategy: normal, platformName: windows, proxy: Proxy(), se:cdp: ws://localhost:58467/devtoo..., se:cdpVersion: 130.0.6723.117, setWindowRect: true, strictFileInteractability: false, timeouts: {implicit: 0, pageLoad: 300000, script: 30000}, unhandledPromptBehavior: dismiss and notify, webauthn:extension:credBlob: true, webauthn:extension:largeBlob: true, webauthn:extension:minPinLength: true, webauthn:extension:prf: true, webauthn:virtualAuthenticators: true}
Session ID: b507ee119f5321c0d93021ee6d6d8773
at java.base/jdk.internal.reflect.DirectConstructorHandleAccessor.newInstance(DirectConstructorHandleAccessor.java:62)
at java.base/java.lang.reflect.Constructor.newInstanceWithCaller(Constructor.java:502)
at java.base/java.lang.reflect.Constructor.newInstance(Constructor.java:486)
at org.openqa.selenium.remote.codec.w3c.W3CHttpResponseCodec.createException(W3CHttpResponseCodec.java:200)
at org.openqa.selenium.remote.codec.w3c.W3CHttpResponseCodec.decode(W3CHttpResponseCodec.java:133)
at org.openqa.selenium.remote.codec.w3c.W3CHttpResponseCodec.decode(W3CHttpResponseCodec.java:52)
at org.openqa.selenium.remote.HttpCommandExecutor.execute(HttpCommandExecutor.java:191)
at org.openqa.selenium.remote.service.DriverCommandExecutor.invokeExecute(DriverCommandExecutor.java:196)
at org.openqa.selenium.remote.service.DriverCommandExecutor.execute(DriverCommandExecutor.java:171)
at org.openqa.selenium.remote.RemoteWebDriver.execute(RemoteWebDriver.java:602)
at org.openqa.selenium.remote.ElementLocation$ElementFinder$2.findElement(ElementLocation.java:165)
at org.openqa.selenium.remote.ElementLocation.findElement(ElementLocation.java:59)
at org.openqa.selenium.remote.RemoteWebDriver.findElement(RemoteWebDriver.java:359)
at org.openqa.selenium.remote.RemoteWebDriver.findElement(RemoteWebDriver.java:353)
at org.openqa.selenium.support.pagefactory.DefaultElementLocator.findElement(DefaultElementLocator.java:68)
at org.openqa.selenium.support.pagefactory.internal.LocatingElementHandler.invoke(LocatingElementHandler.java:38)
at jdk.proxy2/jdk.proxy2.$Proxy49.toString(Unknown Source)
at java.base/java.lang.String.valueOf(String.java:4507)
at java.base/java.lang.StringBuilder.append(StringBuilder.java:173)
at GB_Webapp.Utility.Library.click(Library.java:36)
at GB_Webapp.Page.BikeFeaturePage.click_on_maestro_edge_xtec_scooter_name(BikeFeaturePage.java:289)
at GB_Webapp.StepDefinition.BikeFeatureTest.click_on_bike_name(BikeFeatureTest.java:232)
at ✽.Click on "MAESTRO_EDGE_XTEC" bike name(file:///C:/Users/QA/OneDrive/Documents/Zoom/Intellij_trial/Hero_GB_WebApp_UI_Testing_BDD/./FeatureFilesBangladesh/02_BikeFeature.feature:13)
]]>
    </failure>
  </testcase> <!-- runScenario -->
  <testcase classname="io.cucumber.testng.AbstractTestNGCucumberTests" name="runScenario" time="45.573">
    <failure type="org.openqa.selenium.TimeoutException" message="timeout: Timed out receiving message from renderer: 15.000
  (Session info: chrome=130.0.6723.117)
Build info: version: &amp;apos;4.13.0&amp;apos;, revision: &amp;apos;ba948ece5b*&amp;apos;
System info: os.name: &amp;apos;Windows 10&amp;apos;, os.arch: &amp;apos;amd64&amp;apos;, os.version: &amp;apos;10.0&amp;apos;, java.version: &amp;apos;22.0.1&amp;apos;
Driver info: org.openqa.selenium.chrome.ChromeDriver
Command: [b507ee119f5321c0d93021ee6d6d8773, executeScript {script=window.open(), args=[]}]
Capabilities {acceptInsecureCerts: false, browserName: chrome, browserVersion: 130.0.6723.117, chrome: {chromedriverVersion: 130.0.6723.116 (6ac35f94ae3..., userDataDir: C:\Users\QA\AppData\Local\T...}, fedcm:accounts: true, goog:chromeOptions: {debuggerAddress: localhost:58467}, networkConnectionEnabled: false, pageLoadStrategy: normal, platformName: windows, proxy: Proxy(), se:cdp: ws://localhost:58467/devtoo..., se:cdpVersion: 130.0.6723.117, setWindowRect: true, strictFileInteractability: false, timeouts: {implicit: 0, pageLoad: 300000, script: 30000}, unhandledPromptBehavior: dismiss and notify, webauthn:extension:credBlob: true, webauthn:extension:largeBlob: true, webauthn:extension:minPinLength: true, webauthn:extension:prf: true, webauthn:virtualAuthenticators: true}
Session ID: b507ee119f5321c0d93021ee6d6d8773">
      <![CDATA[org.openqa.selenium.TimeoutException: timeout: Timed out receiving message from renderer: 15.000
  (Session info: chrome=130.0.6723.117)
Build info: version: '4.13.0', revision: 'ba948ece5b*'
System info: os.name: 'Windows 10', os.arch: 'amd64', os.version: '10.0', java.version: '22.0.1'
Driver info: org.openqa.selenium.chrome.ChromeDriver
Command: [b507ee119f5321c0d93021ee6d6d8773, executeScript {script=window.open(), args=[]}]
Capabilities {acceptInsecureCerts: false, browserName: chrome, browserVersion: 130.0.6723.117, chrome: {chromedriverVersion: 130.0.6723.116 (6ac35f94ae3..., userDataDir: C:\Users\QA\AppData\Local\T...}, fedcm:accounts: true, goog:chromeOptions: {debuggerAddress: localhost:58467}, networkConnectionEnabled: false, pageLoadStrategy: normal, platformName: windows, proxy: Proxy(), se:cdp: ws://localhost:58467/devtoo..., se:cdpVersion: 130.0.6723.117, setWindowRect: true, strictFileInteractability: false, timeouts: {implicit: 0, pageLoad: 300000, script: 30000}, unhandledPromptBehavior: dismiss and notify, webauthn:extension:credBlob: true, webauthn:extension:largeBlob: true, webauthn:extension:minPinLength: true, webauthn:extension:prf: true, webauthn:virtualAuthenticators: true}
Session ID: b507ee119f5321c0d93021ee6d6d8773
at java.base/jdk.internal.reflect.DirectConstructorHandleAccessor.newInstance(DirectConstructorHandleAccessor.java:62)
at java.base/java.lang.reflect.Constructor.newInstanceWithCaller(Constructor.java:502)
at java.base/java.lang.reflect.Constructor.newInstance(Constructor.java:486)
at org.openqa.selenium.remote.codec.w3c.W3CHttpResponseCodec.createException(W3CHttpResponseCodec.java:200)
at org.openqa.selenium.remote.codec.w3c.W3CHttpResponseCodec.decode(W3CHttpResponseCodec.java:133)
at org.openqa.selenium.remote.codec.w3c.W3CHttpResponseCodec.decode(W3CHttpResponseCodec.java:52)
at org.openqa.selenium.remote.HttpCommandExecutor.execute(HttpCommandExecutor.java:191)
at org.openqa.selenium.remote.service.DriverCommandExecutor.invokeExecute(DriverCommandExecutor.java:196)
at org.openqa.selenium.remote.service.DriverCommandExecutor.execute(DriverCommandExecutor.java:171)
at org.openqa.selenium.remote.RemoteWebDriver.execute(RemoteWebDriver.java:602)
at org.openqa.selenium.remote.RemoteWebDriver.executeScript(RemoteWebDriver.java:467)
at GB_Webapp.Utility.Library.open_new_Window_and_close_previous_Window(Library.java:307)
at GB_Webapp.Page.LoginPage.user_open_website_link(LoginPage.java:373)
at GB_Webapp.StepDefinition.HomePageTest.user_open_website_link(HomePageTest.java:16)
at ✽.User open "Bangladesh" website link(file:///C:/Users/QA/OneDrive/Documents/Zoom/Intellij_trial/Hero_GB_WebApp_UI_Testing_BDD/./FeatureFilesBangladesh/03_Service.feature:7)
]]>
    </failure>
  </testcase> <!-- runScenario -->
  <testcase classname="io.cucumber.testng.AbstractTestNGCucumberTests" name="runScenario" time="45.578">
    <failure type="org.openqa.selenium.TimeoutException" message="timeout: Timed out receiving message from renderer: 15.000
  (Session info: chrome=130.0.6723.117)
Build info: version: &amp;apos;4.13.0&amp;apos;, revision: &amp;apos;ba948ece5b*&amp;apos;
System info: os.name: &amp;apos;Windows 10&amp;apos;, os.arch: &amp;apos;amd64&amp;apos;, os.version: &amp;apos;10.0&amp;apos;, java.version: &amp;apos;22.0.1&amp;apos;
Driver info: org.openqa.selenium.chrome.ChromeDriver
Command: [b507ee119f5321c0d93021ee6d6d8773, executeScript {script=window.open(), args=[]}]
Capabilities {acceptInsecureCerts: false, browserName: chrome, browserVersion: 130.0.6723.117, chrome: {chromedriverVersion: 130.0.6723.116 (6ac35f94ae3..., userDataDir: C:\Users\QA\AppData\Local\T...}, fedcm:accounts: true, goog:chromeOptions: {debuggerAddress: localhost:58467}, networkConnectionEnabled: false, pageLoadStrategy: normal, platformName: windows, proxy: Proxy(), se:cdp: ws://localhost:58467/devtoo..., se:cdpVersion: 130.0.6723.117, setWindowRect: true, strictFileInteractability: false, timeouts: {implicit: 0, pageLoad: 300000, script: 30000}, unhandledPromptBehavior: dismiss and notify, webauthn:extension:credBlob: true, webauthn:extension:largeBlob: true, webauthn:extension:minPinLength: true, webauthn:extension:prf: true, webauthn:virtualAuthenticators: true}
Session ID: b507ee119f5321c0d93021ee6d6d8773">
      <![CDATA[org.openqa.selenium.TimeoutException: timeout: Timed out receiving message from renderer: 15.000
  (Session info: chrome=130.0.6723.117)
Build info: version: '4.13.0', revision: 'ba948ece5b*'
System info: os.name: 'Windows 10', os.arch: 'amd64', os.version: '10.0', java.version: '22.0.1'
Driver info: org.openqa.selenium.chrome.ChromeDriver
Command: [b507ee119f5321c0d93021ee6d6d8773, executeScript {script=window.open(), args=[]}]
Capabilities {acceptInsecureCerts: false, browserName: chrome, browserVersion: 130.0.6723.117, chrome: {chromedriverVersion: 130.0.6723.116 (6ac35f94ae3..., userDataDir: C:\Users\QA\AppData\Local\T...}, fedcm:accounts: true, goog:chromeOptions: {debuggerAddress: localhost:58467}, networkConnectionEnabled: false, pageLoadStrategy: normal, platformName: windows, proxy: Proxy(), se:cdp: ws://localhost:58467/devtoo..., se:cdpVersion: 130.0.6723.117, setWindowRect: true, strictFileInteractability: false, timeouts: {implicit: 0, pageLoad: 300000, script: 30000}, unhandledPromptBehavior: dismiss and notify, webauthn:extension:credBlob: true, webauthn:extension:largeBlob: true, webauthn:extension:minPinLength: true, webauthn:extension:prf: true, webauthn:virtualAuthenticators: true}
Session ID: b507ee119f5321c0d93021ee6d6d8773
at java.base/jdk.internal.reflect.DirectConstructorHandleAccessor.newInstance(DirectConstructorHandleAccessor.java:62)
at java.base/java.lang.reflect.Constructor.newInstanceWithCaller(Constructor.java:502)
at java.base/java.lang.reflect.Constructor.newInstance(Constructor.java:486)
at org.openqa.selenium.remote.codec.w3c.W3CHttpResponseCodec.createException(W3CHttpResponseCodec.java:200)
at org.openqa.selenium.remote.codec.w3c.W3CHttpResponseCodec.decode(W3CHttpResponseCodec.java:133)
at org.openqa.selenium.remote.codec.w3c.W3CHttpResponseCodec.decode(W3CHttpResponseCodec.java:52)
at org.openqa.selenium.remote.HttpCommandExecutor.execute(HttpCommandExecutor.java:191)
at org.openqa.selenium.remote.service.DriverCommandExecutor.invokeExecute(DriverCommandExecutor.java:196)
at org.openqa.selenium.remote.service.DriverCommandExecutor.execute(DriverCommandExecutor.java:171)
at org.openqa.selenium.remote.RemoteWebDriver.execute(RemoteWebDriver.java:602)
at org.openqa.selenium.remote.RemoteWebDriver.executeScript(RemoteWebDriver.java:467)
at GB_Webapp.Utility.Library.open_new_Window_and_close_previous_Window(Library.java:307)
at GB_Webapp.Page.LoginPage.user_open_website_link(LoginPage.java:373)
at GB_Webapp.StepDefinition.HomePageTest.user_open_website_link(HomePageTest.java:16)
at ✽.User open "Bangladesh" website link(file:///C:/Users/QA/OneDrive/Documents/Zoom/Intellij_trial/Hero_GB_WebApp_UI_Testing_BDD/./FeatureFilesBangladesh/03_Service.feature:17)
]]>
    </failure>
  </testcase> <!-- runScenario -->
  <testcase classname="io.cucumber.testng.AbstractTestNGCucumberTests" name="runScenario" time="42.597">
    <failure type="org.openqa.selenium.TimeoutException" message="timeout: Timed out receiving message from renderer: 15.000
  (Session info: chrome=130.0.6723.117)
Build info: version: &amp;apos;4.13.0&amp;apos;, revision: &amp;apos;ba948ece5b*&amp;apos;
System info: os.name: &amp;apos;Windows 10&amp;apos;, os.arch: &amp;apos;amd64&amp;apos;, os.version: &amp;apos;10.0&amp;apos;, java.version: &amp;apos;22.0.1&amp;apos;
Driver info: org.openqa.selenium.chrome.ChromeDriver
Command: [b507ee119f5321c0d93021ee6d6d8773, executeScript {script=window.open(), args=[]}]
Capabilities {acceptInsecureCerts: false, browserName: chrome, browserVersion: 130.0.6723.117, chrome: {chromedriverVersion: 130.0.6723.116 (6ac35f94ae3..., userDataDir: C:\Users\QA\AppData\Local\T...}, fedcm:accounts: true, goog:chromeOptions: {debuggerAddress: localhost:58467}, networkConnectionEnabled: false, pageLoadStrategy: normal, platformName: windows, proxy: Proxy(), se:cdp: ws://localhost:58467/devtoo..., se:cdpVersion: 130.0.6723.117, setWindowRect: true, strictFileInteractability: false, timeouts: {implicit: 0, pageLoad: 300000, script: 30000}, unhandledPromptBehavior: dismiss and notify, webauthn:extension:credBlob: true, webauthn:extension:largeBlob: true, webauthn:extension:minPinLength: true, webauthn:extension:prf: true, webauthn:virtualAuthenticators: true}
Session ID: b507ee119f5321c0d93021ee6d6d8773">
      <![CDATA[org.openqa.selenium.TimeoutException: timeout: Timed out receiving message from renderer: 15.000
  (Session info: chrome=130.0.6723.117)
Build info: version: '4.13.0', revision: 'ba948ece5b*'
System info: os.name: 'Windows 10', os.arch: 'amd64', os.version: '10.0', java.version: '22.0.1'
Driver info: org.openqa.selenium.chrome.ChromeDriver
Command: [b507ee119f5321c0d93021ee6d6d8773, executeScript {script=window.open(), args=[]}]
Capabilities {acceptInsecureCerts: false, browserName: chrome, browserVersion: 130.0.6723.117, chrome: {chromedriverVersion: 130.0.6723.116 (6ac35f94ae3..., userDataDir: C:\Users\QA\AppData\Local\T...}, fedcm:accounts: true, goog:chromeOptions: {debuggerAddress: localhost:58467}, networkConnectionEnabled: false, pageLoadStrategy: normal, platformName: windows, proxy: Proxy(), se:cdp: ws://localhost:58467/devtoo..., se:cdpVersion: 130.0.6723.117, setWindowRect: true, strictFileInteractability: false, timeouts: {implicit: 0, pageLoad: 300000, script: 30000}, unhandledPromptBehavior: dismiss and notify, webauthn:extension:credBlob: true, webauthn:extension:largeBlob: true, webauthn:extension:minPinLength: true, webauthn:extension:prf: true, webauthn:virtualAuthenticators: true}
Session ID: b507ee119f5321c0d93021ee6d6d8773
at java.base/jdk.internal.reflect.DirectConstructorHandleAccessor.newInstance(DirectConstructorHandleAccessor.java:62)
at java.base/java.lang.reflect.Constructor.newInstanceWithCaller(Constructor.java:502)
at java.base/java.lang.reflect.Constructor.newInstance(Constructor.java:486)
at org.openqa.selenium.remote.codec.w3c.W3CHttpResponseCodec.createException(W3CHttpResponseCodec.java:200)
at org.openqa.selenium.remote.codec.w3c.W3CHttpResponseCodec.decode(W3CHttpResponseCodec.java:133)
at org.openqa.selenium.remote.codec.w3c.W3CHttpResponseCodec.decode(W3CHttpResponseCodec.java:52)
at org.openqa.selenium.remote.HttpCommandExecutor.execute(HttpCommandExecutor.java:191)
at org.openqa.selenium.remote.service.DriverCommandExecutor.invokeExecute(DriverCommandExecutor.java:196)
at org.openqa.selenium.remote.service.DriverCommandExecutor.execute(DriverCommandExecutor.java:171)
at org.openqa.selenium.remote.RemoteWebDriver.execute(RemoteWebDriver.java:602)
at org.openqa.selenium.remote.RemoteWebDriver.executeScript(RemoteWebDriver.java:467)
at GB_Webapp.Utility.Library.open_new_Window_and_close_previous_Window(Library.java:307)
at GB_Webapp.Page.LoginPage.user_open_website_link(LoginPage.java:373)
at GB_Webapp.StepDefinition.HomePageTest.user_open_website_link(HomePageTest.java:16)
at ✽.User open "Bangladesh" website link(file:///C:/Users/QA/OneDrive/Documents/Zoom/Intellij_trial/Hero_GB_WebApp_UI_Testing_BDD/./FeatureFilesBangladesh/04_HeroWorld.feature:7)
]]>
    </failure>
  </testcase> <!-- runScenario -->
  <testcase classname="io.cucumber.testng.AbstractTestNGCucumberTests" name="runScenario" time="0.603">
    <failure type="org.openqa.selenium.NoSuchWindowException" message="no such window: target window already closed
from unknown error: web view not found
  (Session info: chrome=130.0.6723.117)
Build info: version: &amp;apos;4.13.0&amp;apos;, revision: &amp;apos;ba948ece5b*&amp;apos;
System info: os.name: &amp;apos;Windows 10&amp;apos;, os.arch: &amp;apos;amd64&amp;apos;, os.version: &amp;apos;10.0&amp;apos;, java.version: &amp;apos;22.0.1&amp;apos;
Driver info: org.openqa.selenium.chrome.ChromeDriver
Command: [b507ee119f5321c0d93021ee6d6d8773, executeScript {script=window.open(), args=[]}]
Capabilities {acceptInsecureCerts: false, browserName: chrome, browserVersion: 130.0.6723.117, chrome: {chromedriverVersion: 130.0.6723.116 (6ac35f94ae3..., userDataDir: C:\Users\QA\AppData\Local\T...}, fedcm:accounts: true, goog:chromeOptions: {debuggerAddress: localhost:58467}, networkConnectionEnabled: false, pageLoadStrategy: normal, platformName: windows, proxy: Proxy(), se:cdp: ws://localhost:58467/devtoo..., se:cdpVersion: 130.0.6723.117, setWindowRect: true, strictFileInteractability: false, timeouts: {implicit: 0, pageLoad: 300000, script: 30000}, unhandledPromptBehavior: dismiss and notify, webauthn:extension:credBlob: true, webauthn:extension:largeBlob: true, webauthn:extension:minPinLength: true, webauthn:extension:prf: true, webauthn:virtualAuthenticators: true}
Session ID: b507ee119f5321c0d93021ee6d6d8773">
      <![CDATA[org.openqa.selenium.NoSuchWindowException: no such window: target window already closed
from unknown error: web view not found
  (Session info: chrome=130.0.6723.117)
Build info: version: '4.13.0', revision: 'ba948ece5b*'
System info: os.name: 'Windows 10', os.arch: 'amd64', os.version: '10.0', java.version: '22.0.1'
Driver info: org.openqa.selenium.chrome.ChromeDriver
Command: [b507ee119f5321c0d93021ee6d6d8773, executeScript {script=window.open(), args=[]}]
Capabilities {acceptInsecureCerts: false, browserName: chrome, browserVersion: 130.0.6723.117, chrome: {chromedriverVersion: 130.0.6723.116 (6ac35f94ae3..., userDataDir: C:\Users\QA\AppData\Local\T...}, fedcm:accounts: true, goog:chromeOptions: {debuggerAddress: localhost:58467}, networkConnectionEnabled: false, pageLoadStrategy: normal, platformName: windows, proxy: Proxy(), se:cdp: ws://localhost:58467/devtoo..., se:cdpVersion: 130.0.6723.117, setWindowRect: true, strictFileInteractability: false, timeouts: {implicit: 0, pageLoad: 300000, script: 30000}, unhandledPromptBehavior: dismiss and notify, webauthn:extension:credBlob: true, webauthn:extension:largeBlob: true, webauthn:extension:minPinLength: true, webauthn:extension:prf: true, webauthn:virtualAuthenticators: true}
Session ID: b507ee119f5321c0d93021ee6d6d8773
at java.base/jdk.internal.reflect.DirectConstructorHandleAccessor.newInstance(DirectConstructorHandleAccessor.java:62)
at java.base/java.lang.reflect.Constructor.newInstanceWithCaller(Constructor.java:502)
at java.base/java.lang.reflect.Constructor.newInstance(Constructor.java:486)
at org.openqa.selenium.remote.codec.w3c.W3CHttpResponseCodec.createException(W3CHttpResponseCodec.java:200)
at org.openqa.selenium.remote.codec.w3c.W3CHttpResponseCodec.decode(W3CHttpResponseCodec.java:133)
at org.openqa.selenium.remote.codec.w3c.W3CHttpResponseCodec.decode(W3CHttpResponseCodec.java:52)
at org.openqa.selenium.remote.HttpCommandExecutor.execute(HttpCommandExecutor.java:191)
at org.openqa.selenium.remote.service.DriverCommandExecutor.invokeExecute(DriverCommandExecutor.java:196)
at org.openqa.selenium.remote.service.DriverCommandExecutor.execute(DriverCommandExecutor.java:171)
at org.openqa.selenium.remote.RemoteWebDriver.execute(RemoteWebDriver.java:602)
at org.openqa.selenium.remote.RemoteWebDriver.executeScript(RemoteWebDriver.java:467)
at GB_Webapp.Utility.Library.open_new_Window_and_close_previous_Window(Library.java:307)
at GB_Webapp.Page.LoginPage.user_open_website_link(LoginPage.java:373)
at GB_Webapp.StepDefinition.HomePageTest.user_open_website_link(HomePageTest.java:16)
at ✽.User open "Bangladesh" website link(file:///C:/Users/QA/OneDrive/Documents/Zoom/Intellij_trial/Hero_GB_WebApp_UI_Testing_BDD/./FeatureFilesBangladesh/05_AboutHero.feature:7)
]]>
    </failure>
  </testcase> <!-- runScenario -->
</testsuite> <!-- Default test -->
