<?xml version="1.0" encoding="UTF-8"?>
<!-- Generated by org.testng.reporters.JUnitReportReporter -->
<testsuite hostname="DESKTOP-LMKUKFJ" failures="2" tests="31" name="GB_Webapp.TestRunner.Philippines" time="463.990" errors="0" timestamp="2024-11-13T11:35:09 IST" skipped="0">
  <testcase classname="GB_Webapp.TestRunner.Philippines" name="runScenario" time="2.532"/>
  <system-out/>
  <testcase classname="GB_Webapp.TestRunner.Philippines" name="runScenario" time="11.113"/>
  <system-out/>
  <testcase classname="GB_Webapp.TestRunner.Philippines" name="runScenario" time="19.952"/>
  <system-out/>
  <testcase classname="GB_Webapp.TestRunner.Philippines" name="runScenario" time="7.528"/>
  <system-out/>
  <testcase classname="GB_Webapp.TestRunner.Philippines" name="runScenario" time="20.618"/>
  <system-out/>
  <testcase classname="GB_Webapp.TestRunner.Philippines" name="runScenario" time="34.169"/>
  <system-out/>
  <testcase classname="GB_Webapp.TestRunner.Philippines" name="runScenario" time="4.838"/>
  <system-out/>
  <testcase classname="GB_Webapp.TestRunner.Philippines" name="runScenario" time="1.957"/>
  <system-out/>
  <testcase classname="GB_Webapp.TestRunner.Philippines" name="runScenario" time="34.544"/>
  <system-out/>
  <testcase classname="GB_Webapp.TestRunner.Philippines" name="runScenario" time="23.296"/>
  <system-out/>
  <testcase classname="GB_Webapp.TestRunner.Philippines" name="runScenario" time="6.764"/>
  <system-out/>
  <testcase classname="GB_Webapp.TestRunner.Philippines" name="runScenario" time="6.271"/>
  <system-out/>
  <testcase classname="GB_Webapp.TestRunner.Philippines" name="runScenario" time="9.324"/>
  <system-out/>
  <testcase classname="GB_Webapp.TestRunner.Philippines" name="runScenario" time="46.476">
    <failure message="Unable to visible field  : Thank You Popup  --  Proxy element for: DefaultElementLocator &#039;By.xpath: //h2[normalize-space()=&#039;Thank You&#039;]&#039;  --  org.openqa.selenium.NoSuchElementException: no such element: Unable to locate element: {&quot;method&quot;:&quot;xpath&quot;,&quot;selector&quot;:&quot;//h2[normalize-space()=&#039;Thank You&#039;]&quot;}
  (Session info: MicrosoftEdge=130.0.2849.80)
For documentation on this error, please visit: https://www.selenium.dev/documentation/webdriver/troubleshooting/errors#no-such-element-exception
Build info: version: &#039;4.13.0&#039;, revision: &#039;ba948ece5b*&#039;
System info: os.name: &#039;Windows 10&#039;, os.arch: &#039;amd64&#039;, os.version: &#039;10.0&#039;, java.version: &#039;22.0.1&#039;
Driver info: org.openqa.selenium.edge.EdgeDriver
Command: [c57ef9b899d10999fe98883678f33283, findElement {using=xpath, value=//h2[normalize-space()=&#039;Thank You&#039;]}]
Capabilities {acceptInsecureCerts: false, browserName: MicrosoftEdge, browserVersion: 130.0.2849.80, fedcm:accounts: true, ms:edgeOptions: {debuggerAddress: localhost:57456}, msedge: {msedgedriverVersion: 130.0.2849.80 (bbf5e2881b22..., userDataDir: C:\Users\QA\AppData\Local\T...}, networkConnectionEnabled: false, pageLoadStrategy: normal, platformName: windows, proxy: Proxy(), se:cdp: ws://localhost:57456/devtoo..., se:cdpVersion: 130.0.2849.80, setWindowRect: true, strictFileInteractability: false, timeouts: {implicit: 0, pageLoad: 300000, script: 30000}, unhandledPromptBehavior: dismiss and notify, webauthn:extension:credBlob: true, webauthn:extension:largeBlob: true, webauthn:extension:minPinLength: true, webauthn:extension:prf: true, webauthn:virtualAuthenticators: true}
Session ID: c57ef9b899d10999fe98883678f33283 expected [true] but found [false]" type="java.lang.AssertionError">
      <![CDATA[java.lang.AssertionError: Unable to visible field  : Thank You Popup  --  Proxy element for: DefaultElementLocator 'By.xpath: //h2[normalize-space()='Thank You']'  --  org.openqa.selenium.NoSuchElementException: no such element: Unable to locate element: {"method":"xpath","selector":"//h2[normalize-space()='Thank You']"}
  (Session info: MicrosoftEdge=130.0.2849.80)
For documentation on this error, please visit: https://www.selenium.dev/documentation/webdriver/troubleshooting/errors#no-such-element-exception
Build info: version: '4.13.0', revision: 'ba948ece5b*'
System info: os.name: 'Windows 10', os.arch: 'amd64', os.version: '10.0', java.version: '22.0.1'
Driver info: org.openqa.selenium.edge.EdgeDriver
Command: [c57ef9b899d10999fe98883678f33283, findElement {using=xpath, value=//h2[normalize-space()='Thank You']}]
Capabilities {acceptInsecureCerts: false, browserName: MicrosoftEdge, browserVersion: 130.0.2849.80, fedcm:accounts: true, ms:edgeOptions: {debuggerAddress: localhost:57456}, msedge: {msedgedriverVersion: 130.0.2849.80 (bbf5e2881b22..., userDataDir: C:\Users\QA\AppData\Local\T...}, networkConnectionEnabled: false, pageLoadStrategy: normal, platformName: windows, proxy: Proxy(), se:cdp: ws://localhost:57456/devtoo..., se:cdpVersion: 130.0.2849.80, setWindowRect: true, strictFileInteractability: false, timeouts: {implicit: 0, pageLoad: 300000, script: 30000}, unhandledPromptBehavior: dismiss and notify, webauthn:extension:credBlob: true, webauthn:extension:largeBlob: true, webauthn:extension:minPinLength: true, webauthn:extension:prf: true, webauthn:virtualAuthenticators: true}
Session ID: c57ef9b899d10999fe98883678f33283 expected [true] but found [false]
at org.testng.Assert.fail(Assert.java:110)
at org.testng.Assert.failNotEquals(Assert.java:1577)
at org.testng.Assert.assertTrue(Assert.java:56)
at GB_Webapp.Utility.Library.visible_link(Library.java:68)
at GB_Webapp.Page.AboutHeroPage.click_on_submit_button_and_verify_thank_you_pop_up(AboutHeroPage.java:296)
at GB_Webapp.StepDefinition.AboutHeroTest.click_on_submit_button_and_verify_thank_you_pop_up(AboutHeroTest.java:86)
at ✽.Click on Submit button and verify Thank you pop up(file:///C:/Users/QA/OneDrive/Documents/Zoom/Intellij_trial/Hero_GB_WebApp_UI_Testing_BDD/./FeatureFilesPhilippines/05_AboutHero.feature:48)
]]>
    </failure>
  </testcase> <!-- runScenario -->
  <system-out/>
  <testcase classname="GB_Webapp.TestRunner.Philippines" name="runScenario" time="1.427"/>
  <system-out/>
  <testcase classname="GB_Webapp.TestRunner.Philippines" name="runScenario" time="1.214"/>
  <system-out/>
  <testcase classname="GB_Webapp.TestRunner.Philippines" name="runScenario" time="15.557"/>
  <system-out/>
  <testcase classname="GB_Webapp.TestRunner.Philippines" name="runScenario" time="26.815">
    <failure message="Unable to visible field  : Thank You Popup  --  Proxy element for: DefaultElementLocator &#039;By.xpath: //h2[normalize-space()=&#039;Thank You&#039;]&#039;  --  org.openqa.selenium.NoSuchElementException: no such element: Unable to locate element: {&quot;method&quot;:&quot;xpath&quot;,&quot;selector&quot;:&quot;//h2[normalize-space()=&#039;Thank You&#039;]&quot;}
  (Session info: MicrosoftEdge=130.0.2849.80)
For documentation on this error, please visit: https://www.selenium.dev/documentation/webdriver/troubleshooting/errors#no-such-element-exception
Build info: version: &#039;4.13.0&#039;, revision: &#039;ba948ece5b*&#039;
System info: os.name: &#039;Windows 10&#039;, os.arch: &#039;amd64&#039;, os.version: &#039;10.0&#039;, java.version: &#039;22.0.1&#039;
Driver info: org.openqa.selenium.edge.EdgeDriver
Command: [c57ef9b899d10999fe98883678f33283, findElement {using=xpath, value=//h2[normalize-space()=&#039;Thank You&#039;]}]
Capabilities {acceptInsecureCerts: false, browserName: MicrosoftEdge, browserVersion: 130.0.2849.80, fedcm:accounts: true, ms:edgeOptions: {debuggerAddress: localhost:57456}, msedge: {msedgedriverVersion: 130.0.2849.80 (bbf5e2881b22..., userDataDir: C:\Users\QA\AppData\Local\T...}, networkConnectionEnabled: false, pageLoadStrategy: normal, platformName: windows, proxy: Proxy(), se:cdp: ws://localhost:57456/devtoo..., se:cdpVersion: 130.0.2849.80, setWindowRect: true, strictFileInteractability: false, timeouts: {implicit: 0, pageLoad: 300000, script: 30000}, unhandledPromptBehavior: dismiss and notify, webauthn:extension:credBlob: true, webauthn:extension:largeBlob: true, webauthn:extension:minPinLength: true, webauthn:extension:prf: true, webauthn:virtualAuthenticators: true}
Session ID: c57ef9b899d10999fe98883678f33283 expected [true] but found [false]" type="java.lang.AssertionError">
      <![CDATA[java.lang.AssertionError: Unable to visible field  : Thank You Popup  --  Proxy element for: DefaultElementLocator 'By.xpath: //h2[normalize-space()='Thank You']'  --  org.openqa.selenium.NoSuchElementException: no such element: Unable to locate element: {"method":"xpath","selector":"//h2[normalize-space()='Thank You']"}
  (Session info: MicrosoftEdge=130.0.2849.80)
For documentation on this error, please visit: https://www.selenium.dev/documentation/webdriver/troubleshooting/errors#no-such-element-exception
Build info: version: '4.13.0', revision: 'ba948ece5b*'
System info: os.name: 'Windows 10', os.arch: 'amd64', os.version: '10.0', java.version: '22.0.1'
Driver info: org.openqa.selenium.edge.EdgeDriver
Command: [c57ef9b899d10999fe98883678f33283, findElement {using=xpath, value=//h2[normalize-space()='Thank You']}]
Capabilities {acceptInsecureCerts: false, browserName: MicrosoftEdge, browserVersion: 130.0.2849.80, fedcm:accounts: true, ms:edgeOptions: {debuggerAddress: localhost:57456}, msedge: {msedgedriverVersion: 130.0.2849.80 (bbf5e2881b22..., userDataDir: C:\Users\QA\AppData\Local\T...}, networkConnectionEnabled: false, pageLoadStrategy: normal, platformName: windows, proxy: Proxy(), se:cdp: ws://localhost:57456/devtoo..., se:cdpVersion: 130.0.2849.80, setWindowRect: true, strictFileInteractability: false, timeouts: {implicit: 0, pageLoad: 300000, script: 30000}, unhandledPromptBehavior: dismiss and notify, webauthn:extension:credBlob: true, webauthn:extension:largeBlob: true, webauthn:extension:minPinLength: true, webauthn:extension:prf: true, webauthn:virtualAuthenticators: true}
Session ID: c57ef9b899d10999fe98883678f33283 expected [true] but found [false]
at org.testng.Assert.fail(Assert.java:110)
at org.testng.Assert.failNotEquals(Assert.java:1577)
at org.testng.Assert.assertTrue(Assert.java:56)
at GB_Webapp.Utility.Library.visible_link(Library.java:68)
at GB_Webapp.Page.AboutHeroPage.click_on_submit_button_and_verify_thank_you_pop_up(AboutHeroPage.java:296)
at GB_Webapp.StepDefinition.AboutHeroTest.click_on_submit_button_and_verify_thank_you_pop_up(AboutHeroTest.java:86)
at ✽.Click on Submit button and verify Thank you pop up(file:///C:/Users/QA/OneDrive/Documents/Zoom/Intellij_trial/Hero_GB_WebApp_UI_Testing_BDD/./FeatureFilesPhilippines/05_AboutHero.feature:36)
]]>
    </failure>
  </testcase> <!-- runScenario -->
  <system-out/>
  <testcase classname="GB_Webapp.TestRunner.Philippines" name="runScenario" time="11.462"/>
  <system-out/>
  <testcase classname="GB_Webapp.TestRunner.Philippines" name="runScenario" time="13.320"/>
  <system-out/>
  <testcase classname="GB_Webapp.TestRunner.Philippines" name="runScenario" time="7.001"/>
  <system-out/>
  <testcase classname="GB_Webapp.TestRunner.Philippines" name="runScenario" time="29.922"/>
  <system-out/>
  <testcase classname="GB_Webapp.TestRunner.Philippines" name="runScenario" time="5.930"/>
  <system-out/>
  <testcase classname="GB_Webapp.TestRunner.Philippines" name="runScenario" time="26.258"/>
  <system-out/>
  <testcase classname="GB_Webapp.TestRunner.Philippines" name="runScenario" time="5.630"/>
  <system-out/>
  <testcase classname="GB_Webapp.TestRunner.Philippines" name="runScenario" time="5.646"/>
  <system-out/>
  <testcase classname="GB_Webapp.TestRunner.Philippines" name="runScenario" time="4.499"/>
  <system-out/>
  <testcase classname="GB_Webapp.TestRunner.Philippines" name="runScenario" time="42.056"/>
  <system-out/>
  <testcase classname="GB_Webapp.TestRunner.Philippines" name="runScenario" time="4.926"/>
  <system-out/>
  <testcase classname="GB_Webapp.TestRunner.Philippines" name="runScenario" time="2.466"/>
  <system-out/>
  <testcase classname="GB_Webapp.TestRunner.Philippines" name="runScenario" time="30.479"/>
  <system-out/>
</testsuite> <!-- GB_Webapp.TestRunner.Philippines -->
